#
# There is insufficient memory for the Java Runtime Environment to continue.
# Native memory allocation (malloc) failed to allocate 1048576 bytes for AllocateHeap
# Possible reasons:
#   The system is out of physical RAM or swap space
#   In 32 bit mode, the process size limit was hit
# Possible solutions:
#   Reduce memory load on the system
#   Increase physical memory or swap space
#   Check if swap backing store is full
#   Use 64 bit Java on a 64 bit OS
#   Decrease Java heap size (-Xmx/-Xms)
#   Decrease number of Java threads
#   Decrease Java thread stack sizes (-Xss)
#   Set larger code cache with -XX:ReservedCodeCacheSize=
# This output file may be truncated or incomplete.
#
#  Out of Memory Error (memory/allocation.inline.hpp:62), pid=59224, tid=59244
#
# JRE version:  (8.0_05-b13) (build )
# Java VM: Java HotSpot(TM) 64-Bit Server VM (25.5-b02 mixed mode windows-amd64 compressed oops)
# Failed to write core dump. Minidumps are not enabled by default on client versions of Windows
#

---------------  T H R E A D  ---------------

Current thread (0x00000000027a0800):  JavaThread "Unknown thread" [_thread_in_vm, id=59244, stack(0x0000000002690000,0x0000000002790000)]

Stack: [0x0000000002690000,0x0000000002790000]
Native frames: (J=compiled Java code, j=interpreted, Vv=VM code, C=native code)
V  [jvm.dll+0x308dea]
V  [jvm.dll+0x25def1]
V  [jvm.dll+0x25eb0f]
V  [jvm.dll+0x2564e5]
V  [jvm.dll+0x25553f]
V  [jvm.dll+0x3c732c]
V  [jvm.dll+0x3c29f7]
V  [jvm.dll+0xe2142]
V  [jvm.dll+0x1f1419]
V  [jvm.dll+0x2227c4]
V  [jvm.dll+0x149f71]
C  [java.exe+0x207a]
C  [java.exe+0xc99b]
C  [java.exe+0xca2f]
C  [KERNEL32.DLL+0x12d92]
C  [ntdll.dll+0x9f64]


---------------  P R O C E S S  ---------------

Java Threads: ( => current thread )

Other Threads:

=>0x00000000027a0800 (exited) JavaThread "Unknown thread" [_thread_in_vm, id=59244, stack(0x0000000002690000,0x0000000002790000)]

VM state:not at safepoint (normal execution)

VM Mutex/Monitor currently owned by a thread: None

Heap:
 PSYoungGen      total 1024K, used 20K [0x00000000d6600000, 0x00000000d6780000, 0x0000000100000000)
  eden space 512K, 4% used [0x00000000d6600000,0x00000000d6605288,0x00000000d6680000)
  from space 512K, 0% used [0x00000000d6700000,0x00000000d6700000,0x00000000d6780000)
  to   space 512K, 0% used [0x00000000d6680000,0x00000000d6680000,0x00000000d6700000)
 ParOldGen       total 127488K, used 0K [0x0000000083200000, 0x000000008ae80000, 0x00000000d6600000)
  object space 127488K, 0% used [0x0000000083200000,0x0000000083200000,0x000000008ae80000)
 Metaspace       used 673K, capacity 4480K, committed 4480K, reserved 1056768K
  class space    used 66K, capacity 384K, committed 384K, reserved 1048576K

Card table byte_map: [0x0000000011c60000,0x0000000012050000] byte_map_base: 0x0000000011847000

Marking Bits: (ParMarkBitMap*) 0x00000000621b13b0
 Begin Bits: [0x00000000126f0000, 0x0000000014628000)
 End Bits:   [0x0000000014628000, 0x0000000016560000)

Polling page: 0x00000000025e0000

CodeCache: size=245760Kb used=327Kb max_used=327Kb free=245432Kb
 bounds [0x00000000028a0000, 0x0000000002b10000, 0x00000000118a0000]
 total_blobs=56 nmethods=0 adapters=37
 compilation: enabled

Compilation events (0 events):
No events

GC Heap History (0 events):
No events

Deoptimization events (0 events):
No events

Internal exceptions (0 events):
No events

Events (10 events):
Event: 0.044 loading class java/lang/Short
Event: 0.044 loading class java/lang/Short done
Event: 0.044 loading class java/lang/Integer
Event: 0.044 loading class java/lang/Integer done
Event: 0.044 loading class java/lang/Long
Event: 0.044 loading class java/lang/Long done
Event: 0.046 loading class java/lang/NullPointerException
Event: 0.046 loading class java/lang/NullPointerException done
Event: 0.046 loading class java/lang/ArithmeticException
Event: 0.046 loading class java/lang/ArithmeticException done


Dynamic libraries:
0x00007ff6b1490000 - 0x00007ff6b14c4000 	C:\Program Files\Java\jdk1.8.0_05\bin\java.exe
0x00007ffda1110000 - 0x00007ffda12d1000 	C:\Windows\SYSTEM32\ntdll.dll
0x00007ffd9eff0000 - 0x00007ffd9f09d000 	C:\Windows\system32\KERNEL32.DLL
0x00007ffd9e540000 - 0x00007ffd9e71d000 	C:\Windows\system32\KERNELBASE.dll
0x00007ffd9e9d0000 - 0x00007ffd9ea76000 	C:\Windows\system32\ADVAPI32.dll
0x00007ffd9f110000 - 0x00007ffd9f1ad000 	C:\Windows\system32\msvcrt.dll
0x00007ffd9fa80000 - 0x00007ffd9fadb000 	C:\Windows\system32\sechost.dll
0x00007ffd9ed00000 - 0x00007ffd9ee26000 	C:\Windows\system32\RPCRT4.dll
0x00007ffd9f6b0000 - 0x00007ffd9f7fe000 	C:\Windows\system32\USER32.dll
0x00007ffd9f520000 - 0x00007ffd9f6a6000 	C:\Windows\system32\GDI32.dll
0x00007ffd94230000 - 0x00007ffd944a4000 	C:\Windows\WinSxS\amd64_microsoft.windows.common-controls_6595b64144ccf1df_6.0.10240.16384_none_f41f7b285750ef43\COMCTL32.dll
0x00007ffda10c0000 - 0x00007ffda10f6000 	C:\Windows\system32\IMM32.DLL
0x00007ffd9ea80000 - 0x00007ffd9ebdc000 	C:\Windows\system32\MSCTF.dll
0x0000000061920000 - 0x00000000619f2000 	C:\Program Files\Java\jdk1.8.0_05\jre\bin\msvcr100.dll
0x0000000061a00000 - 0x000000006222a000 	C:\Program Files\Java\jdk1.8.0_05\jre\bin\server\jvm.dll
0x00007ffda1100000 - 0x00007ffda1108000 	C:\Windows\system32\PSAPI.DLL
0x00007ffd9bf10000 - 0x00007ffd9bf33000 	C:\Windows\SYSTEM32\WINMM.dll
0x00007ffd94530000 - 0x00007ffd94539000 	C:\Windows\SYSTEM32\WSOCK32.dll
0x00007ffd9f0a0000 - 0x00007ffd9f109000 	C:\Windows\system32\WS2_32.dll
0x00007ffd9f4a0000 - 0x00007ffd9f4a8000 	C:\Windows\system32\NSI.dll
0x00007ffd9bee0000 - 0x00007ffd9bf0c000 	C:\Windows\SYSTEM32\winmmbase.dll
0x00007ffd9ddb0000 - 0x00007ffd9ddf4000 	C:\Windows\system32\cfgmgr32.dll
0x00007ffd9c190000 - 0x00007ffd9c1b7000 	C:\Windows\SYSTEM32\DEVOBJ.dll
0x00000000618d0000 - 0x00000000618df000 	C:\Program Files\Java\jdk1.8.0_05\jre\bin\verify.dll
0x00000000618a0000 - 0x00000000618c8000 	C:\Program Files\Java\jdk1.8.0_05\jre\bin\java.dll
0x0000000061880000 - 0x0000000061896000 	C:\Program Files\Java\jdk1.8.0_05\jre\bin\zip.dll
0x00007ffd87d10000 - 0x00007ffd87e9a000 	C:\Windows\SYSTEM32\dbghelp.dll

VM Arguments:
jvm_args: -Dfile.encoding=UTF-8 
java_command: Prog6 f
java_class_path (initial): H:\Github\NickAndJake\Prog6\build\classes
Launcher Type: SUN_STANDARD

Environment Variables:
PATH=C:\Program Files (x86)\Razer Chroma SDK\bin;C:\Program Files\Razer Chroma SDK\bin;C:\Program Files\Java\jdk1.8.0_05\bin;C:\ProgramData\Oracle\Java\javapath;C:\Windows\system32;C:\Windows;C:\Windows\System32\Wbem;C:\Windows\System32\WindowsPowerShell\v1.0\;C:\Users\Nick\.dnx\bin;C:\Program Files\Microsoft DNX\Dnvm\;C:\Program Files\Microsoft SQL Server\120\Tools\Binn\;C:\Program Files (x86)\Windows Kits\10\Windows Performance Toolkit\;C:\Program Files (x86)\Microsoft Emulator Manager\1.0\;C:\Program Files (x86)\nodejs\;C:\Program Files (x86)\EaseUS\Todo Backup\bin;H:\Program Files\Brackets\command;C:\Users\Nick\AppData\Roaming\npm;C:\Users\Nick\.dnx\bin;C:\Program Files\Microsoft DNX\Dnvm\;C:\Users\Nick\.dnx\bin;C:\Users\Nick\AppData\Roaming\npm
USERNAME=Nick
OS=Windows_NT
PROCESSOR_IDENTIFIER=Intel64 Family 6 Model 58 Stepping 9, GenuineIntel



---------------  S Y S T E M  ---------------

OS: Windows 8.1 , 64 bit Build 9600 

CPU:total 4 (2 cores per cpu, 2 threads per core) family 6 model 58 stepping 9, cmov, cx8, fxsr, mmx, sse, sse2, sse3, ssse3, sse4.1, sse4.2, popcnt, avx, clmul, erms, ht, tsc, tscinvbit

Memory: 4k page, physical 8179300k(1465440k free), swap 8179300k(5492k free)

vm_info: Java HotSpot(TM) 64-Bit Server VM (25.5-b02) for windows-amd64 JRE (1.8.0_05-b13), built on Mar 18 2014 01:08:39 by "java_re" with MS VC++ 10.0 (VS2010)

time: Thu Dec 03 11:35:44 2015
elapsed time: 0 seconds

